<?xml version="1.0" encoding="UTF-8"?>
<!-- Generated by org.testng.reporters.JUnitXMLReporter -->
<testsuite hostname="LAPTOP-Q9IURB0P" ignored="0" name="Test" tests="4" failures="0" timestamp="18 Feb 2021 04:51:46 GMT" time="58.643" errors="0">
  <testcase name="tc0" time="44.542" classname="com.task.Task1"/>
  <testcase name="tc1" time="3.696" classname="com.task.Task1"/>
  <testcase name="tc2" time="1.7" classname="com.task.Task1"/>
  <testcase name="tc3" time="8.506" classname="com.task.Task1"/>
</testsuite> <!-- Test -->
