<?xml version="1.0" encoding="UTF-8"?>
<testng-results skipped="0" failed="0" ignored="0" total="2" passed="2">
  <reporter-output>
  </reporter-output>
  <suite name="Default suite" duration-ms="50914" started-at="2021-02-19T03:54:44Z" finished-at="2021-02-19T03:55:35Z">
    <groups>
    </groups>
    <test name="Default test" duration-ms="50914" started-at="2021-02-19T03:54:44Z" finished-at="2021-02-19T03:55:35Z">
      <class name="com.task.Task2">
        <test-method status="PASS" signature="tco(java.lang.String, java.lang.String)[pri:0, instance:com.task.Task2@6a41eaa2]" name="tco" duration-ms="32733" started-at="2021-02-19T03:54:44Z" data-provider="loginPageData" finished-at="2021-02-19T03:55:17Z">
          <params>
            <param index="0">
              <value>
                <![CDATA[prabhusundaram28]]>
              </value>
            </param>
            <param index="1">
              <value>
                <![CDATA[Prabhu@1996]]>
              </value>
            </param>
          </params>
          <reporter-output>
          </reporter-output>
        </test-method> <!-- tco -->
        <test-method status="PASS" signature="tco(java.lang.String, java.lang.String)[pri:0, instance:com.task.Task2@6a41eaa2]" name="tco" duration-ms="17969" started-at="2021-02-19T03:55:17Z" data-provider="loginPageData" finished-at="2021-02-19T03:55:35Z">
          <params>
            <param index="0">
              <value>
                <![CDATA[nandha]]>
              </value>
            </param>
            <param index="1">
              <value>
                <![CDATA[kumar]]>
              </value>
            </param>
          </params>
          <reporter-output>
          </reporter-output>
        </test-method> <!-- tco -->
      </class> <!-- com.task.Task2 -->
    </test> <!-- Default test -->
  </suite> <!-- Default suite -->
</testng-results>
